-------------------------------------------------------------------------------
Test set: nerdalert.AppTest
-------------------------------------------------------------------------------
Tests run: 2, Failures: 0, Errors: 1, Skipped: 0, Time elapsed: 0.019 s <<< FAILURE! - in nerdalert.AppTest
setVariable  Time elapsed: 0.01 s  <<< ERROR!
java.nio.file.NoSuchFileException: language-parser/src/test/java/nerdalert/varTest.dcf
	at nerdalert.AppTest.setVariable(AppTest.java:37)

