<?xml version="1.0" encoding="UTF-8"?>
<testsuite xmlns:xsi="http://www.w3.org/2001/XMLSchema-instance" xsi:noNamespaceSchemaLocation="https://maven.apache.org/surefire/maven-surefire-plugin/xsd/surefire-test-report.xsd" name="nerdalert.LexerTest" time="0.054" tests="20" errors="0" skipped="0" failures="0">
  <properties>
[...]
</properties>
  <testcase name="lessThanOrEqualLexerTest" classname="nerdalert.LexerTest" time="0.032"/>
  <testcase name="additionLexerTest" classname="nerdalert.LexerTest" time="0"/>
  <testcase name="modulusLexerTest" classname="nerdalert.LexerTest" time="0.001"/>
  <testcase name="greaterThanOrEqualLexerTest" classname="nerdalert.LexerTest" time="0.001"/>
  <testcase name="andLexerTest" classname="nerdalert.LexerTest" time="0.001"/>
  <testcase name="notEqualLexerTest" classname="nerdalert.LexerTest" time="0.001"/>
  <testcase name="multiplicationLexerTest" classname="nerdalert.LexerTest" time="0.001"/>
  <testcase name="powerLexerTest" classname="nerdalert.LexerTest" time="0"/>
  <testcase name="orLexerTest" classname="nerdalert.LexerTest" time="0.001"/>
  <testcase name="ifLexerTest" classname="nerdalert.LexerTest" time="0"/>
  <testcase name="subtractionLexerTest" classname="nerdalert.LexerTest" time="0"/>
  <testcase name="assignmentLexerTest" classname="nerdalert.LexerTest" time="0.001"/>
  <testcase name="notLexerTest" classname="nerdalert.LexerTest" time="0"/>
  <testcase name="elseLexerTest" classname="nerdalert.LexerTest" time="0"/>
  <testcase name="equalsLexerTest" classname="nerdalert.LexerTest" time="0"/>
  <testcase name="elifLexerTest" classname="nerdalert.LexerTest" time="0.001"/>
  <testcase name="strictlyLessThanLexerTest" classname="nerdalert.LexerTest" time="0.001"/>
  <testcase name="printLexerTest" classname="nerdalert.LexerTest" time="0"/>
  <testcase name="divisionLexerTest" classname="nerdalert.LexerTest" time="0.001"/>
  <testcase name="strictlyGreaterThanLexerTest" classname="nerdalert.LexerTest" time="0"/>
</testsuite>